%!Adobe-FontList 1.16
%Locale:0x419

%BeginFont
Handler:DirectoryHandler
FontType:Invalid
OutlineFileName:C:\GIT\Nerds\Font\symbols-nerds.eot
FileModTime:1417455212
%EndFont

%BeginFont
Handler:DirectoryHandler
FontType:Invalid
OutlineFileName:C:\GIT\Nerds\Font\symbols-nerds.svg
FileModTime:1417455212
%EndFont

%BeginFont
Handler:DirectoryHandler
FontType:TrueType
FontName:symbols-nerds
FamilyName:symbols-nerds
StyleName:Regular
FullName:symbols-nerds
MenuName:symbols-nerds
StyleBits:0
WritingScript:Roman
OutlineFileName:C:\GIT\Nerds\Font\symbols-nerds.ttf
DataFormat:sfntData
FileLength:6660
FileModTime:1417455212
WeightClass:400
WidthClass:5
AngleClass:0
NameArray:0,Mac,4,symbols-nerds
NameArray:0,Win,1,symbols-nerds
%EndFont

%BeginFont
Handler:DirectoryHandler
FontType:Invalid
OutlineFileName:C:\GIT\Nerds\Font\symbols-nerds.woff
FileModTime:1417455212
%EndFont

